[ 2022-12-25 12:31:26,395 ] 15 root - INFO - >>>>>>>>>>>>>>>>>>>>>>>>>>>>>>>>>>>>>>>> Data Ingestion <<<<<<<<<<<<<<<<<<<<<<<<<<<<<<<<<<<<<<<<
[ 2022-12-25 12:31:26,396 ] 22 root - INFO - Exporting collection data as pandas dataframe
[ 2022-12-25 12:31:26,396 ] 19 root - INFO - Reading data from database: aps and collection: sensor
[ 2022-12-25 12:31:34,090 ] 21 root - INFO - Found columns: Index(['_id', 'class', 'aa_000', 'ab_000', 'ac_000', 'ad_000', 'ae_000',
       'af_000', 'ag_000', 'ag_001',
       ...
       'ee_002', 'ee_003', 'ee_004', 'ee_005', 'ee_006', 'ee_007', 'ee_008',
       'ee_009', 'ef_000', 'eg_000'],
      dtype='object', length=172)
[ 2022-12-25 12:31:34,091 ] 23 root - INFO - Dropping column: _id 
[ 2022-12-25 12:31:34,853 ] 25 root - INFO - Row and columns in df: (36188, 171)
[ 2022-12-25 12:31:34,854 ] 28 root - INFO - Save data in feature store
[ 2022-12-25 12:31:36,141 ] 34 root - INFO - Create feature store folder if not available
[ 2022-12-25 12:31:36,142 ] 38 root - INFO - Save df to feature store folder
[ 2022-12-25 12:31:40,771 ] 42 root - INFO - split dataset into train and test set
[ 2022-12-25 12:31:42,483 ] 46 root - INFO - create dataset directory folder if not available
[ 2022-12-25 12:31:42,484 ] 51 root - INFO - Save df to feature store folder
[ 2022-12-25 12:31:46,877 ] 63 root - INFO - Data ingestion artifact: DataIngestionArtifact(feature_store_file_path='/config/workspace/artifact/12252022__123126/data_ingestion/feature_store/sensor.csv', train_file_path='/config/workspace/artifact/12252022__123126/data_ingestion/dataset/train.csv', test_file_path='/config/workspace/artifact/12252022__123126/data_ingestion/dataset/test.csv')
[ 2022-12-25 12:31:47,920 ] 22 root - INFO - Exporting collection data as pandas dataframe
[ 2022-12-25 12:31:47,920 ] 19 root - INFO - Reading data from database: aps and collection: sensor
[ 2022-12-25 12:31:54,916 ] 21 root - INFO - Found columns: Index(['_id', 'class', 'aa_000', 'ab_000', 'ac_000', 'ad_000', 'ae_000',
       'af_000', 'ag_000', 'ag_001',
       ...
       'ee_002', 'ee_003', 'ee_004', 'ee_005', 'ee_006', 'ee_007', 'ee_008',
       'ee_009', 'ef_000', 'eg_000'],
      dtype='object', length=172)
[ 2022-12-25 12:31:54,917 ] 23 root - INFO - Dropping column: _id 
[ 2022-12-25 12:31:55,611 ] 25 root - INFO - Row and columns in df: (36188, 171)
[ 2022-12-25 12:31:55,611 ] 28 root - INFO - Save data in feature store
[ 2022-12-25 12:31:56,872 ] 34 root - INFO - Create feature store folder if not available
[ 2022-12-25 12:31:56,872 ] 38 root - INFO - Save df to feature store folder
[ 2022-12-25 12:32:01,730 ] 42 root - INFO - split dataset into train and test set
[ 2022-12-25 12:32:03,438 ] 46 root - INFO - create dataset directory folder if not available
[ 2022-12-25 12:32:03,439 ] 51 root - INFO - Save df to feature store folder
[ 2022-12-25 12:32:07,784 ] 63 root - INFO - Data ingestion artifact: DataIngestionArtifact(feature_store_file_path='/config/workspace/artifact/12252022__123126/data_ingestion/feature_store/sensor.csv', train_file_path='/config/workspace/artifact/12252022__123126/data_ingestion/dataset/train.csv', test_file_path='/config/workspace/artifact/12252022__123126/data_ingestion/dataset/test.csv')
[ 2022-12-25 12:32:08,815 ] 22 root - INFO - >>>>>>>>>>>>>>>>>>>>>>>>>>>>>>>>>>>>>>>> Data Validation <<<<<<<<<<<<<<<<<<<<<<<<<<<<<<<<<<<<<<<<
[ 2022-12-25 12:32:08,815 ] 110 root - INFO - Reading base dataframe
[ 2022-12-25 12:32:14,229 ] 113 root - INFO - Replace na value in base df
[ 2022-12-25 12:32:14,229 ] 115 root - INFO - Drop null values colums from base df
[ 2022-12-25 12:32:15,767 ] 44 root - INFO - selecting column name which contains null above to 0.2
[ 2022-12-25 12:32:15,769 ] 47 root - INFO - Columns to drop: ['ab_000', 'ad_000', 'bk_000', 'bl_000', 'bm_000', 'bn_000', 'bo_000', 'bp_000', 'bq_000', 'br_000', 'cf_000', 'cg_000', 'ch_000', 'co_000', 'cr_000', 'ct_000', 'cu_000', 'cv_000', 'cx_000', 'cy_000', 'cz_000', 'da_000', 'db_000', 'dc_000']
[ 2022-12-25 12:32:15,917 ] 118 root - INFO - Reading train dataframe
[ 2022-12-25 12:32:16,627 ] 120 root - INFO - Reading test dataframe
[ 2022-12-25 12:32:16,808 ] 123 root - INFO - Drop null values colums from train df
[ 2022-12-25 12:32:16,830 ] 44 root - INFO - selecting column name which contains null above to 0.2
[ 2022-12-25 12:32:16,831 ] 47 root - INFO - Columns to drop: ['ab_000', 'ad_000', 'bk_000', 'bl_000', 'bm_000', 'bn_000', 'bo_000', 'bp_000', 'bq_000', 'br_000', 'cf_000', 'cg_000', 'ch_000', 'co_000', 'cr_000', 'ct_000', 'cu_000', 'cv_000', 'cx_000', 'cy_000', 'cz_000', 'da_000', 'db_000', 'dc_000']
[ 2022-12-25 12:32:16,851 ] 125 root - INFO - Drop null values colums from test df
[ 2022-12-25 12:32:16,858 ] 44 root - INFO - selecting column name which contains null above to 0.2
[ 2022-12-25 12:32:16,859 ] 47 root - INFO - Columns to drop: ['ab_000', 'ad_000', 'bk_000', 'bl_000', 'bm_000', 'bn_000', 'bo_000', 'bp_000', 'bq_000', 'br_000', 'cf_000', 'cg_000', 'ch_000', 'co_000', 'cr_000', 'ct_000', 'cu_000', 'cv_000', 'cx_000', 'cy_000', 'cz_000', 'da_000', 'db_000', 'dc_000']
